Flow report for FinalProj
Wed May 10 23:53:31 2023
Quartus Prime Version 18.1.0 Build 625 09/12/2018 SJ Lite Edition


---------------------
; Table of Contents ;
---------------------
  1. Legal Notice
  2. Flow Summary
  3. Flow Settings
  4. Flow Non-Default Global Settings
  5. Flow Elapsed Time
  6. Flow OS Summary
  7. Flow Log
  8. Flow Messages
  9. Flow Suppressed Messages



----------------
; Legal Notice ;
----------------
Copyright (C) 2018  Intel Corporation. All rights reserved.
Your use of Intel Corporation's design tools, logic functions 
and other software and tools, and its AMPP partner logic 
functions, and any output files from any of the foregoing 
(including device programming or simulation files), and any 
associated documentation or information are expressly subject 
to the terms and conditions of the Intel Program License 
Subscription Agreement, the Intel Quartus Prime License Agreement,
the Intel FPGA IP License Agreement, or other applicable license
agreement, including, without limitation, that your use is for
the sole purpose of programming logic devices manufactured by
Intel and sold by Intel or its authorized distributors.  Please
refer to the applicable agreement for further details.



+----------------------------------------------------------------------------------+
; Flow Summary                                                                     ;
+------------------------------------+---------------------------------------------+
; Flow Status                        ; Successful - Wed May 10 23:53:21 2023       ;
; Quartus Prime Version              ; 18.1.0 Build 625 09/12/2018 SJ Lite Edition ;
; Revision Name                      ; FinalProj                                   ;
; Top-level Entity Name              ; finalproj_top                               ;
; Family                             ; MAX 10                                      ;
; Device                             ; 10M50DAF484C7G                              ;
; Timing Models                      ; Final                                       ;
; Total logic elements               ; 7,267 / 49,760 ( 15 % )                     ;
;     Total combinational functions  ; 6,540 / 49,760 ( 13 % )                     ;
;     Dedicated logic registers      ; 3,187 / 49,760 ( 6 % )                      ;
; Total registers                    ; 3256                                        ;
; Total pins                         ; 141 / 360 ( 39 % )                          ;
; Total virtual pins                 ; 0                                           ;
; Total memory bits                  ; 786,784 / 1,677,312 ( 47 % )                ;
; Embedded Multiplier 9-bit elements ; 24 / 288 ( 8 % )                            ;
; Total PLLs                         ; 1 / 4 ( 25 % )                              ;
; UFM blocks                         ; 0 / 1 ( 0 % )                               ;
; ADC blocks                         ; 0 / 2 ( 0 % )                               ;
+------------------------------------+---------------------------------------------+


+-----------------------------------------+
; Flow Settings                           ;
+-------------------+---------------------+
; Option            ; Setting             ;
+-------------------+---------------------+
; Start date & time ; 05/10/2023 23:50:57 ;
; Main task         ; Compilation         ;
; Revision Name     ; FinalProj           ;
+-------------------+---------------------+


+-------------------------------------------------------------------------------------------------------------------------------------------------------+
; Flow Non-Default Global Settings                                                                                                                      ;
+-------------------------------------+----------------------------------------------------------------+---------------+-------------------+------------+
; Assignment Name                     ; Value                                                          ; Default Value ; Entity Name       ; Section Id ;
+-------------------------------------+----------------------------------------------------------------+---------------+-------------------+------------+
; COMPILER_SIGNATURE_ID               ; 136411536029934.168378065715228                                ; --            ; --                ; --         ;
; FLOW_ENABLE_POWER_ANALYZER          ; On                                                             ; Off           ; --                ; --         ;
; MAX_CORE_JUNCTION_TEMP              ; 85                                                             ; --            ; --                ; --         ;
; MIN_CORE_JUNCTION_TEMP              ; 0                                                              ; --            ; --                ; --         ;
; MISC_FILE                           ; finalprojsoc/synthesis/../finalprojsoc.cmp                     ; --            ; --                ; --         ;
; MISC_FILE                           ; finalprojsoc/synthesis/../../finalprojsoc.qsys                 ; --            ; --                ; --         ;
; OUTPUT_IO_TIMING_FAR_END_VMEAS      ; Half Signal Swing                                              ; --            ; --                ; --         ;
; OUTPUT_IO_TIMING_FAR_END_VMEAS      ; Half Signal Swing                                              ; --            ; --                ; --         ;
; OUTPUT_IO_TIMING_NEAR_END_VMEAS     ; Half Vccio                                                     ; --            ; --                ; --         ;
; OUTPUT_IO_TIMING_NEAR_END_VMEAS     ; Half Vccio                                                     ; --            ; --                ; --         ;
; PARTITION_COLOR                     ; -- (Not supported for targeted family)                         ; --            ; DE10_LITE_Default ; Top        ;
; PARTITION_COLOR                     ; -- (Not supported for targeted family)                         ; --            ; finalproj_top     ; Top        ;
; PARTITION_FITTER_PRESERVATION_LEVEL ; -- (Not supported for targeted family)                         ; --            ; DE10_LITE_Default ; Top        ;
; PARTITION_FITTER_PRESERVATION_LEVEL ; -- (Not supported for targeted family)                         ; --            ; finalproj_top     ; Top        ;
; PARTITION_NETLIST_TYPE              ; -- (Not supported for targeted family)                         ; --            ; DE10_LITE_Default ; Top        ;
; PARTITION_NETLIST_TYPE              ; -- (Not supported for targeted family)                         ; --            ; finalproj_top     ; Top        ;
; POWER_BOARD_THERMAL_MODEL           ; None (CONSERVATIVE)                                            ; --            ; --                ; --         ;
; POWER_DEFAULT_INPUT_IO_TOGGLE_RATE  ; 12.5 %                                                         ; 12.5%         ; --                ; --         ;
; POWER_PRESET_COOLING_SOLUTION       ; 23 MM HEAT SINK WITH 200 LFPM AIRFLOW                          ; --            ; --                ; --         ;
; SLD_FILE                            ; finalprojsoc/synthesis/finalprojsoc.regmap                     ; --            ; --                ; --         ;
; SLD_FILE                            ; finalprojsoc/synthesis/finalprojsoc.debuginfo                  ; --            ; --                ; --         ;
; SLD_INFO                            ; QSYS_NAME finalprojsoc HAS_SOPCINFO 1 GENERATION_ID 1682555587 ; --            ; finalprojsoc      ; --         ;
; SOPCINFO_FILE                       ; finalprojsoc/synthesis/../../finalprojsoc.sopcinfo             ; --            ; --                ; --         ;
; SYNTHESIS_ONLY_QIP                  ; On                                                             ; --            ; --                ; --         ;
; TOP_LEVEL_ENTITY                    ; finalproj_top                                                  ; FinalProj     ; --                ; --         ;
+-------------------------------------+----------------------------------------------------------------+---------------+-------------------+------------+


+--------------------------------------------------------------------------------------------------------------------------+
; Flow Elapsed Time                                                                                                        ;
+----------------------+--------------+-------------------------+---------------------+------------------------------------+
; Module Name          ; Elapsed Time ; Average Processors Used ; Peak Virtual Memory ; Total CPU Time (on all processors) ;
+----------------------+--------------+-------------------------+---------------------+------------------------------------+
; Analysis & Synthesis ; 00:01:25     ; 1.0                     ; 5108 MB             ; 00:00:52                           ;
; Fitter               ; 00:00:30     ; 1.7                     ; 5993 MB             ; 00:00:32                           ;
; Assembler            ; 00:00:03     ; 1.0                     ; 4729 MB             ; 00:00:02                           ;
; Power Analyzer       ; 00:00:13     ; 1.9                     ; 4999 MB             ; 00:00:12                           ;
; Timing Analyzer      ; 00:00:08     ; 3.0                     ; 4970 MB             ; 00:00:09                           ;
; Total                ; 00:02:19     ; --                      ; --                  ; 00:01:47                           ;
+----------------------+--------------+-------------------------+---------------------+------------------------------------+


+------------------------------------------------------------------------------------+
; Flow OS Summary                                                                    ;
+----------------------+------------------+------------+------------+----------------+
; Module Name          ; Machine Hostname ; OS Name    ; OS Version ; Processor type ;
+----------------------+------------------+------------+------------+----------------+
; Analysis & Synthesis ; Amaan-Laptop     ; Windows 10 ; 10.0       ; x86_64         ;
; Fitter               ; Amaan-Laptop     ; Windows 10 ; 10.0       ; x86_64         ;
; Assembler            ; Amaan-Laptop     ; Windows 10 ; 10.0       ; x86_64         ;
; Power Analyzer       ; Amaan-Laptop     ; Windows 10 ; 10.0       ; x86_64         ;
; Timing Analyzer      ; Amaan-Laptop     ; Windows 10 ; 10.0       ; x86_64         ;
+----------------------+------------------+------------+------------+----------------+


------------
; Flow Log ;
------------
quartus_map --read_settings_files=on --write_settings_files=off FinalProj -c FinalProj
quartus_fit --read_settings_files=off --write_settings_files=off FinalProj -c FinalProj
quartus_asm --read_settings_files=off --write_settings_files=off FinalProj -c FinalProj
quartus_pow --read_settings_files=off --write_settings_files=off FinalProj -c FinalProj
quartus_sta FinalProj -c FinalProj



